\BOOKMARK [1][-]{section.1}{\376\377\000N\000o\000t\000a\000c\000i\000\363\000n\000\040\000y\000\040\000v\000a\000r\000i\000a\000b\000l\000e\000s\000\040\000\050\000a\000l\000i\000n\000e\000a\000c\000i\000\363\000n\000\040\000c\000o\000n\000\040\000e\000l\000\040\000c\000\363\000d\000i\000g\000o\000\051}{}% 1
\BOOKMARK [2][-]{subsection.1.1}{\376\377\000T\000a\000m\000a\000\361\000o\000\040\000d\000e\000\040\000l\000a\000\040\000r\000e\000j\000i\000l\000l\000a\000\040\000d\000e\000\040\000\363\000r\000d\000e\000n\000e\000s}{section.1}% 2
\BOOKMARK [1][-]{section.2}{\376\377\000I\000m\000p\000l\000e\000m\000e\000n\000t\000a\000c\000i\000\363\000n\000\040\000e\000n\000\040\000c\000\363\000d\000i\000g\000o\000\040\000\050\000T\000S\000L\000i\000b\000\051}{}% 3
\BOOKMARK [1][-]{section.3}{\376\377\000M\000o\000d\000e\000l\000o\000\040\000d\000e\000\040\000c\000o\000s\000t\000e\000\040\000d\000e\000\040\000u\000n\000\040\000\372\000n\000i\000c\000o\000\040\000a\000j\000u\000s\000t\000e\000\040\000M\000L\000E}{}% 4
\BOOKMARK [1][-]{section.4}{\376\377\000D\000e\000s\000g\000l\000o\000s\000e\000\040\000p\000o\000r\000\040\000p\000a\000s\000o\000s\000\040\000d\000e\000l\000\040\000P\000a\000r\000a\000l\000l\000e\000l\000A\000R\000I\000M\000A\000W\000o\000r\000k\000f\000l\000o\000w}{}% 5
\BOOKMARK [2][-]{subsection.4.1}{\376\377\000T\000i\000e\000m\000p\000o\000\040\000d\000e\000\040\000p\000a\000r\000e\000d\000\040\000a\000g\000r\000e\000g\000a\000d\000o\000\040\000\050\000m\000o\000d\000e\000l\000o\000\040\000s\000i\000m\000p\000l\000i\000f\000i\000c\000a\000d\000o\000\051}{section.4}% 6
\BOOKMARK [1][-]{section.5}{\376\377\000B\000a\000s\000e\000l\000i\000n\000e\000\040\000l\000i\000n\000e\000a\000l\000\040\000\050\000s\000t\000a\000t\000s\000m\000o\000d\000e\000l\000s\000\051}{}% 7
\BOOKMARK [2][-]{subsection.5.1}{\376\377\000U\000n\000\040\000s\000o\000l\000o\000\040\000m\000o\000d\000e\000l\000o\000\040\000e\000n\000\040\000l\000a\000\040\000s\000e\000r\000i\000e\000\040\000c\000o\000m\000p\000l\000e\000t\000a}{section.5}% 8
\BOOKMARK [2][-]{subsection.5.2}{\376\377\000B\000\372\000s\000q\000u\000e\000d\000a\000\040\000e\000n\000\040\000r\000e\000j\000i\000l\000l\000a\000\040\000s\000e\000c\000u\000e\000n\000c\000i\000a\000l\000\040\000\050\000c\000o\000m\000p\000a\000r\000a\000b\000l\000e\000\040\000a\000l\000\040\000e\000s\000p\000a\000c\000i\000o\000\040\000d\000e\000\040\000\363\000r\000d\000e\000n\000e\000s\000\051}{section.5}% 9
\BOOKMARK [1][-]{section.6}{\376\377\000D\000e\000s\000i\000g\000u\000a\000l\000d\000a\000d\000e\000s\000\040\000d\000e\000\040\000b\000r\000e\000a\000k\000-\000e\000v\000e\000n}{}% 10
\BOOKMARK [2][-]{subsection.6.1}{\376\377\000F\000r\000e\000n\000t\000e\000\040\000a\000\040\000u\000n\000\040\000\372\000n\000i\000c\000o\000\040\000a\000j\000u\000s\000t\000e\000\040\000l\000i\000n\000e\000a\000l}{section.6}% 11
\BOOKMARK [2][-]{subsection.6.2}{\376\377\000F\000r\000e\000n\000t\000e\000\040\000a\000\040\000b\000\372\000s\000q\000u\000e\000d\000a\000\040\000e\000n\000\040\000r\000e\000j\000i\000l\000l\000a\000\040\000s\000e\000c\000u\000e\000n\000c\000i\000a\000l\000\040\000e\000n\000\040\000n}{section.6}% 12
\BOOKMARK [1][-]{section.7}{\376\377\000E\000s\000t\000i\000m\000a\000c\000i\000\363\000n\000\040\000c\000o\000n\000\040\000u\000m\000b\000r\000a\000l\000\040\000n\000u\000m\000\351\000r\000i\000c\000o\000:\000\040\000c\000u\000\341\000n\000d\000o\000\040\000g\000a\000n\000a\000\040\000e\000l\000\040\000p\000a\000r\000a\000l\000e\000l\000o}{}% 13
\BOOKMARK [2][-]{subsection.7.1}{\376\377\000M\000o\000d\000e\000l\000o\000\040\000d\000e\000\040\000t\000i\000e\000m\000p\000o\000s\000\040\000m\000e\000d\000i\000d\000o\000s}{section.7}% 14
\BOOKMARK [2][-]{subsection.7.2}{\376\377\000U\000m\000b\000r\000a\000l\000\040\000e\000n\000\040\000t\000i\000e\000m\000p\000o\000\040\000d\000e\000\040\000u\000n\000\040\000f\000i\000t\000\040\000c\000o\000m\000p\000l\000e\000t\000o}{section.7}% 15
\BOOKMARK [2][-]{subsection.7.3}{\376\377\000U\000m\000b\000r\000a\000l\000\040\000e\000n\000\040\000l\000o\000n\000g\000i\000t\000u\000d\000\040\000d\000e\000\040\000s\000e\000r\000i\000e\000\040\000n\000\040\000s\000t\000a\000r\000\040\000\050\000m\000o\000d\000e\000l\000o\000\040\000p\000o\000t\000e\000n\000c\000i\000a\000\051}{section.7}% 16
\BOOKMARK [2][-]{subsection.7.4}{\376\377\000F\000r\000e\000n\000t\000e\000\040\000a\000\040\000u\000n\000\040\000s\000o\000l\000o\000\040\000f\000i\000t\000\040\000l\000i\000n\000e\000a\000l}{section.7}% 17
\BOOKMARK [1][-]{section.8}{\376\377\000C\000a\000l\000i\000b\000r\000a\000c\000i\000\363\000n\000\040\000m\000e\000d\000i\000d\000a\000\040\000y\000\040\000r\000e\000g\000e\000n\000e\000r\000a\000c\000i\000\363\000n\000\040\000a\000u\000t\000o\000m\000\341\000t\000i\000c\000a}{}% 18
\BOOKMARK [2][-]{subsection.8.1}{\376\377\000C\000o\000m\000a\000n\000d\000o\000\040\000p\000a\000r\000a\000\040\000v\000o\000l\000v\000e\000r\000\040\000a\000\040\000m\000e\000d\000i\000r\000\040\000y\000\040\000a\000c\000t\000u\000a\000l\000i\000z\000a\000r\000\040\000e\000l\000\040\000P\000D\000F}{section.8}% 19
\BOOKMARK [2][-]{subsection.8.2}{\376\377\000R\000e\000s\000u\000l\000t\000a\000d\000o\000s\000\040\000i\000n\000s\000e\000r\000t\000a\000d\000o\000s\000\040\000e\000n\000\040\000e\000s\000t\000e\000\040\000d\000o\000c\000u\000m\000e\000n\000t\000o}{section.8}% 20
\BOOKMARK [1][-]{section.9}{\376\377\000E\000j\000e\000m\000p\000l\000o\000\040\000n\000u\000m\000\351\000r\000i\000c\000o\000\040\000a\000p\000l\000i\000c\000a\000d\000o}{}% 21
\BOOKMARK [1][-]{section.10}{\376\377\000C\000o\000n\000c\000l\000u\000s\000i\000\363\000n}{}% 22
